[Wed Jan 28 17:50:56 2009] [INFO] Log file "System.log" created
[Wed Jan 28 17:50:56 2009] [INFO] Memory allocated for FontManager
[Wed Jan 28 17:50:56 2009] [INFO] Font manager instanced by ninja.cpp
[Wed Jan 28 17:50:56 2009] [INFO] Font manager instanced by resource.cpp
[Wed Jan 28 17:50:56 2009] [INFO] BMP image "Data/Textures/Font.bmp" loaded
[Wed Jan 28 17:50:56 2009] [AHTUNG] Cant load bmp file: "Data/Textures/Font1.png" is not a BMP file
[Wed Jan 28 17:50:56 2009] [INFO] PNG image "Data/Textures/Font1.png" loaded
[Wed Jan 28 17:50:56 2009] [INFO] BMP image "Data/Textures/Font10ok.bmp" loaded
[Wed Jan 28 17:50:56 2009] [INFO] BMP image "Data/Textures/snowb_br.bmp" loaded
[Wed Jan 28 17:50:56 2009] [INFO] BMP image "Data/Textures/Hero_r1.bmp" loaded
[Wed Jan 28 17:50:56 2009] [INFO] BMP image "Data/Textures/Hero_a1.bmp" loaded
[Wed Jan 28 17:50:56 2009] [INFO] BMP image "Data/Textures/Hero_b1.bmp" loaded
[Wed Jan 28 17:50:56 2009] [INFO] BMP image "Data/Textures/Bg_b.bmp" loaded
[Wed Jan 28 17:50:56 2009] [INFO] BMP image "Data/Textures/Gift_r.bmp" loaded
[Wed Jan 28 17:50:56 2009] [INFO] BMP image "Data/Textures/Ground.bmp" loaded
[Wed Jan 28 17:50:56 2009] [INFO] BMP image "Data/Textures/snowb_b.bmp" loaded
[Wed Jan 28 17:50:56 2009] [INFO] BMP image "Data/Textures/Enemy_r.bmp" loaded
[Wed Jan 28 17:50:56 2009] [INFO] Initialization success
[Wed Jan 28 17:51:02 2009] [Info] FontManager FreeInst by Ninja.cpp.
[Wed Jan 28 17:51:02 2009] [INFO] Suicide success
